update_port_precommit called with port settings {
    "status": "DOWN",
    "binding:host_id": "d8b345fa-fb44-462a-8c3b-a34b59d627e8",
    "description": "",
    "allowed_address_pairs": [],
    "tags": [],
    "extra_dhcp_opts": [],
    "updated_at": "2020-10-04T11:19:58Z",
    "device_owner": "compute:nova",
    "binding_levels": [],
    "revision_number": 4,
    "port_security_enabled": true,
    "binding:profile": {
        "local_link_information": [
            {
                "port_id": "25GE1/0/41",
                "switch_id": "48:57:02:dc:cf:51"
            }
        ]
    },
    "fixed_ips": [
        {
            "subnet_id": "08816503-8de8-4aa5-ab05-dceacffd19dd",
            "ip_address": "192.168.86.4"
        }
    ],
    "id": "827189f4-22da-4603-99a5-78877b471099",
    "security_groups": [
        "1ffddca0-b0f1-424c-a410-1ff4acb7475e"
    ],
    "device_id": "ff8e9e7f-3414-49cf-85a8-a211463cc13d",
    "name": "",
    "admin_state_up": true,
    "network_id": "9425b757-339d-4954-a17b-dbb3f7061006",
    "tenant_id": "3e5f135adb37476c9cc2cd47dc579cfc",
    "binding:vif_details": {
        "ovs_hybrid_plug": true,
        "port_filter": true
    },
    "binding:vnic_type": "baremetal",
    "binding:vif_type": "ovs",
    "mac_address": "28:a6:db:a9:92:27",
    "project_id": "3e5f135adb37476c9cc2cd47dc579cfc",
    "created_at": "2020-10-04T11:19:46Z"
} (original settings {
    "status": "DOWN",
    "binding:host_id": "d8b345fa-fb44-462a-8c3b-a34b59d627e8",
    "description": "",
    "allowed_address_pairs": [],
    "tags": [],
    "extra_dhcp_opts": [],
    "updated_at": "2020-10-04T11:19:58Z",
    "device_owner": "compute:nova",
    "binding_levels": [],
    "revision_number": 4,
    "port_security_enabled": true,
    "binding:profile": {
        "local_link_information": [
            {
                "port_id": "25GE1/0/41",
                "switch_id": "48:57:02:dc:cf:51"
            }
        ]
    },
    "fixed_ips": [
        {
            "subnet_id": "08816503-8de8-4aa5-ab05-dceacffd19dd",
            "ip_address": "192.168.86.4"
        }
    ],
    "id": "827189f4-22da-4603-99a5-78877b471099",
    "security_groups": [
        "1ffddca0-b0f1-424c-a410-1ff4acb7475e"
    ],
    "device_id": "ff8e9e7f-3414-49cf-85a8-a211463cc13d",
    "name": "",
    "admin_state_up": true,
    "network_id": "9425b757-339d-4954-a17b-dbb3f7061006",
    "tenant_id": "3e5f135adb37476c9cc2cd47dc579cfc",
    "binding:vif_details": {},
    "binding:vnic_type": "baremetal",
    "binding:vif_type": "unbound",
    "mac_address": "28:a6:db:a9:92:27",
    "project_id": "3e5f135adb37476c9cc2cd47dc579cfc",
    "created_at": "2020-10-04T11:19:46Z"
}) host d8b345fa-fb44-462a-8c3b-a34b59d627e8 (original host d8b345fa-fb44-462a-8c3b-a34b59d627e8) vif type ovs (original vif type unbound) vif details {
    "ovs_hybrid_plug": true,
    "port_filter": true
} (original vif details {}) binding levels [
    {
        "bound_driver": "mlnx_ib_bm",
        "bound_segment": {
            "network_id": "9425b757-339d-4954-a17b-dbb3f7061006",
            "segmentation_id": 15998,
            "physical_network": null,
            "id": "3a0946cc-1f61-4211-8a33-b8e2b0b7a2a0",
            "network_type": "vxlan"
        }
    },
    {
        "bound_driver": "huawei_ac_ml2",
        "bound_segment": {
            "network_id": "9425b757-339d-4954-a17b-dbb3f7061006",
            "segmentation_id": 15998,
            "physical_network": null,
            "id": "3a0946cc-1f61-4211-8a33-b8e2b0b7a2a0",
            "network_type": "vxlan"
        }
    }
] (original binding levels null) on network {
    "provider:physical_network": null,
    "ipv6_address_scope": null,
    "revision_number": 6,
    "port_security_enabled": true,
    "provider:network_type": "vxlan",
    "id": "9425b757-339d-4954-a17b-dbb3f7061006",
    "router:external": false,
    "availability_zone_hints": [],
    "availability_zones": [
        "nova"
    ],
    "ipv4_address_scope": null,
    "shared": false,
    "project_id": "0875c404aadf425f9133c9936cf34590",
    "status": "ACTIVE",
    "subnets": [
        "08816503-8de8-4aa5-ab05-dceacffd19dd"
    ],
    "description": "",
    "tags": [],
    "updated_at": "2020-09-28T14:17:51Z",
    "provider:segmentation_id": 15998,
    "name": "SDNtenant1",
    "admin_state_up": true,
    "tenant_id": "0875c404aadf425f9133c9936cf34590",
    "created_at": "2020-09-24T03:07:55Z",
    "mt": 1450,
    "vlan_transparent": false
} with segments to bind null