Oct 04 19: 19: 46 devstack18 neutron-server[
    25156
]: INFO neutron.tests.unit.plugins.ml2.drivers.mechanism_logger [req-a8605705-fd96-442e-865f-d110923d976b req-19af4503-ad88-4e88-a505-62d4cb043fde admin admin
] create_port_precommit called with port settings {
    "status": "DOWN",
    "binding:host_id": "",
    "allowed_address_pairs": [],
    "device_owner": "",
    "binding:profile": {},
    "port_security_enabled": true,
    "fixed_ips": [
        {
            "subnet_id": "08816503-8de8-4aa5-ab05-dceacffd19dd",
            "ip_address": "192.168.86.4"
        }
    ],
    "id": "827189f4-22da-4603-99a5-78877b471099",
    "security_groups": [
        "1ffddca0-b0f1-424c-a410-1ff4acb7475e"
    ],
    "device_id": "ff8e9e7f-3414-49cf-85a8-a211463cc13d",
    "name": "",
    "admin_state_up": true,
    "network_id": "9425b757-339d-4954-a17b-dbb3f7061006",
    "tenant_id": "3e5f135adb37476c9cc2cd47dc579cfc",
    "binding:vif_details": {},
    "binding:vnic_type": "normal",
    "binding:vif_type": "unbound",
    "mac_address": "fa:16:3e:b8:2c:fe",
    "project_id": "3e5f135adb37476c9cc2cd47dc579cfc"
} (original settings null) host  (original host null) vif type unbound (original vif type null) vif details {} (original vif details null) binding levels null (original binding levels null) on network {
    "provider:physical_network": null,
    "ipv6_address_scope": null,
    "revision_number": 6,
    "port_security_enabled": true,
    "provider:network_type": "vxlan",
    "id": "9425b757-339d-4954-a17b-dbb3f7061006",
    "router:external": false,
    "availability_zone_hints": [],
    "availability_zones": [
        "nova"
    ],
    "ipv4_address_scope": null,
    "shared": false,
    "project_id": "0875c404aadf425f9133c9936cf34590",
    "status": "ACTIVE",
    "subnets": [
        "08816503-8de8-4aa5-ab05-dceacffd19dd"
    ],
    "description": "",
    "tags": [],
    "updated_at": "2020-09-28T14:17:51Z",
    "provider:segmentation_id": 15998,
    "name": "SDNtenant1",
    "admin_state_up": true,
    "tenant_id": "0875c404aadf425f9133c9936cf34590",
    "created_at": "2020-09-24T03:07:55Z",
    "mt": 1450,
    "vlan_transparent": false
} with segments to bind null
Oct 04 19: 19: 46 devstack18 neutron-server[
    25156
]: INFO neutron.tests.unit.plugins.ml2.drivers.mechanism_logger [req-a8605705-fd96-442e-865f-d110923d976b req-19af4503-ad88-4e88-a505-62d4cb043fde admin admin
] create_port_postcommit called with port settings {
    "status": "DOWN",
    "binding:host_id": "",
    "description": "",
    "allowed_address_pairs": [],
    "tags": [],
    "extra_dhcp_opts": [],
    "updated_at": "2020-10-04T11:19:46Z",
    "device_owner": "",
    "binding_levels": [],
    "revision_number": 1,
    "binding:profile": {},
    "port_security_enabled": true,
    "fixed_ips": [
        {
            "subnet_id": "08816503-8de8-4aa5-ab05-dceacffd19dd",
            "ip_address": "192.168.86.4"
        }
    ],
    "id": "827189f4-22da-4603-99a5-78877b471099",
    "security_groups": [
        "1ffddca0-b0f1-424c-a410-1ff4acb7475e"
    ],
    "device_id": "ff8e9e7f-3414-49cf-85a8-a211463cc13d",
    "name": "",
    "admin_state_up": true,
    "network_id": "9425b757-339d-4954-a17b-dbb3f7061006",
    "tenant_id": "3e5f135adb37476c9cc2cd47dc579cfc",
    "binding:vif_details": {},
    "binding:vnic_type": "normal",
    "binding:vif_type": "unbound",
    "mac_address": "fa:16:3e:b8:2c:fe",
    "project_id": "3e5f135adb37476c9cc2cd47dc579cfc",
    "created_at": "2020-10-04T11:19:46Z"
} (original settings null) host  (original host null) vif type unbound (original vif type null) vif details {} (original vif details null) binding levels null (original binding levels null) on network {
    "provider:physical_network": null,
    "ipv6_address_scope": null,
    "revision_number": 6,
    "port_security_enabled": true,
    "provider:network_type": "vxlan",
    "id": "9425b757-339d-4954-a17b-dbb3f7061006",
    "router:external": false,
    "availability_zone_hints": [],
    "availability_zones": [
        "nova"
    ],
    "ipv4_address_scope": null,
    "shared": false,
    "project_id": "0875c404aadf425f9133c9936cf34590",
    "status": "ACTIVE",
    "subnets": [
        "08816503-8de8-4aa5-ab05-dceacffd19dd"
    ],
    "description": "",
    "tags": [],
    "updated_at": "2020-09-28T14:17:51Z",
    "provider:segmentation_id": 15998,
    "name": "SDNtenant1",
    "admin_state_up": true,
    "tenant_id": "0875c404aadf425f9133c9936cf34590",
    "created_at": "2020-09-24T03:07:55Z",
    "mt": 1450,
    "vlan_transparent": false
} with segments to bind null
Oct 04 19: 19: 47 devstack18 neutron-server[
    25156
]: INFO neutron.tests.unit.plugins.ml2.drivers.mechanism_logger [req-a8605705-fd96-442e-865f-d110923d976b req-0e8c6381-ad7d-4776-a38c-dec731c62664 service neutron
] update_port_precommit called with port settings {
    "allowed_address_pairs": [],
    "extra_dhcp_opts": [],
    "updated_at": "2020-10-04T11:19:47Z",
    "device_owner": "compute:nova",
    "revision_number": 2,
    "binding:profile": {},
    "port_security_enabled": true,
    "fixed_ips": [
        {
            "subnet_id": "08816503-8de8-4aa5-ab05-dceacffd19dd",
            "ip_address": "192.168.86.4"
        }
    ],
    "id": "827189f4-22da-4603-99a5-78877b471099",
    "security_groups": [
        "1ffddca0-b0f1-424c-a410-1ff4acb7475e"
    ],
    "binding_levels": [],
    "binding:vif_details": {},
    "binding:vif_type": "unbound",
    "mac_address": "fa:16:3e:b8:2c:fe",
    "project_id": "3e5f135adb37476c9cc2cd47dc579cfc",
    "status": "PENDING_CREATE",
    "binding:host_id": "",
    "description": "",
    "tags": [],
    "device_id": "ff8e9e7f-3414-49cf-85a8-a211463cc13d",
    "name": "",
    "admin_state_up": true,
    "network_id": "9425b757-339d-4954-a17b-dbb3f7061006",
    "tenant_id": "3e5f135adb37476c9cc2cd47dc579cfc",
    "created_at": "2020-10-04T11:19:46Z",
    "binding:vnic_type": "normal"
} (original settings {
    "status": "PENDING_CREATE",
    "binding:host_id": "",
    "description": "",
    "allowed_address_pairs": [],
    "tags": [],
    "extra_dhcp_opts": [],
    "updated_at": "2020-10-04T11:19:46Z",
    "device_owner": "",
    "binding_levels": [],
    "revision_number": 1,
    "port_security_enabled": true,
    "binding:profile": {},
    "fixed_ips": [
        {
            "subnet_id": "08816503-8de8-4aa5-ab05-dceacffd19dd",
            "ip_address": "192.168.86.4"
        }
    ],
    "id": "827189f4-22da-4603-99a5-78877b471099",
    "security_groups": [
        "1ffddca0-b0f1-424c-a410-1ff4acb7475e"
    ],
    "device_id": "ff8e9e7f-3414-49cf-85a8-a211463cc13d",
    "name": "",
    "admin_state_up": true,
    "network_id": "9425b757-339d-4954-a17b-dbb3f7061006",
    "tenant_id": "3e5f135adb37476c9cc2cd47dc579cfc",
    "binding:vif_details": {},
    "binding:vnic_type": "normal",
    "binding:vif_type": "unbound",
    "mac_address": "fa:16:3e:b8:2c:fe",
    "project_id": "3e5f135adb37476c9cc2cd47dc579cfc",
    "created_at": "2020-10-04T11:19:46Z"
}) host  (original host ) vif type unbound (original vif type unbound) vif details {} (original vif details {}) binding levels null (original binding levels null) on network {
    "provider:physical_network": null,
    "ipv6_address_scope": null,
    "revision_number": 6,
    "port_security_enabled": true,
    "provider:network_type": "vxlan",
    "id": "9425b757-339d-4954-a17b-dbb3f7061006",
    "router:external": false,
    "availability_zone_hints": [],
    "availability_zones": [
        "nova"
    ],
    "ipv4_address_scope": null,
    "shared": false,
    "project_id": "0875c404aadf425f9133c9936cf34590",
    "status": "ACTIVE",
    "subnets": [
        "08816503-8de8-4aa5-ab05-dceacffd19dd"
    ],
    "description": "",
    "tags": [],
    "updated_at": "2020-09-28T14:17:51Z",
    "provider:segmentation_id": 15998,
    "name": "SDNtenant1",
    "admin_state_up": true,
    "tenant_id": "0875c404aadf425f9133c9936cf34590",
    "created_at": "2020-09-24T03:07:55Z",
    "mt": 1450,
    "vlan_transparent": false
} with segments to bind null
Oct 04 19: 19: 48 devstack18 neutron-server[
    25156
]: INFO neutron.tests.unit.plugins.ml2.drivers.mechanism_logger [req-a8605705-fd96-442e-865f-d110923d976b req-0e8c6381-ad7d-4776-a38c-dec731c62664 service neutron
] update_port_postcommit called with port settings {
    "allowed_address_pairs": [],
    "extra_dhcp_opts": [],
    "updated_at": "2020-10-04T11:19:47",
    "device_owner": "compute:nova",
    "revision_number": 2,
    "binding:profile": {
        "enable_internet": false
    },
    "port_security_enabled": true,
    "fixed_ips": [
        {
            "subnet_id": "08816503-8de8-4aa5-ab05-dceacffd19dd",
            "ip_address": "192.168.86.4"
        }
    ],
    "id": "827189f4-22da-4603-99a5-78877b471099",
    "security_groups": [
        "1ffddca0-b0f1-424c-a410-1ff4acb7475e"
    ],
    "binding_levels": [],
    "binding:vif_details": {},
    "binding:vif_type": "unbound",
    "mac_address": "fa:16:3e:b8:2c:fe",
    "project_id": "3e5f135adb37476c9cc2cd47dc579cfc",
    "status": "PENDING_CREATE",
    "binding:host_id": "",
    "description": "",
    "tags": [],
    "device_id": "ff8e9e7f-3414-49cf-85a8-a211463cc13d",
    "name": "",
    "admin_state_up": true,
    "network_id": "9425b757-339d-4954-a17b-dbb3f7061006",
    "tenant_id": "3e5f135adb37476c9cc2cd47dc579cfc",
    "created_at": "2020-10-04T11:19:46Z",
    "binding:vnic_type": "normal"
} (original settings {
    "status": "PENDING_CREATE",
    "binding:host_id": "",
    "description": "",
    "allowed_address_pairs": [],
    "tags": [],
    "extra_dhcp_opts": [],
    "updated_at": "2020-10-04T11:19:46Z",
    "device_owner": "",
    "binding_levels": [],
    "revision_number": 1,
    "port_security_enabled": true,
    "binding:profile": {},
    "fixed_ips": [
        {
            "subnet_id": "08816503-8de8-4aa5-ab05-dceacffd19dd",
            "ip_address": "192.168.86.4"
        }
    ],
    "id": "827189f4-22da-4603-99a5-78877b471099",
    "security_groups": [
        "1ffddca0-b0f1-424c-a410-1ff4acb7475e"
    ],
    "device_id": "ff8e9e7f-3414-49cf-85a8-a211463cc13d",
    "name": "",
    "admin_state_up": true,
    "network_id": "9425b757-339d-4954-a17b-dbb3f7061006",
    "tenant_id": "3e5f135adb37476c9cc2cd47dc579cfc",
    "binding:vif_details": {},
    "binding:vnic_type": "normal",
    "binding:vif_type": "unbound",
    "mac_address": "fa:16:3e:b8:2c:fe",
    "project_id": "3e5f135adb37476c9cc2cd47dc579cfc",
    "created_at": "2020-10-04T11:19:46Z"
}) host  (original host ) vif type unbound (original vif type unbound) vif details {} (original vif details {}) binding levels null (original binding levels null) on network {
    "provider:physical_network": null,
    "ipv6_address_scope": null,
    "revision_number": 6,
    "port_security_enabled": true,
    "provider:network_type": "vxlan",
    "id": "9425b757-339d-4954-a17b-dbb3f7061006",
    "router:external": false,
    "availability_zone_hints": [],
    "availability_zones": [
        "nova"
    ],
    "ipv4_address_scope": null,
    "shared": false,
    "project_id": "0875c404aadf425f9133c9936cf34590",
    "status": "ACTIVE",
    "subnets": [
        "08816503-8de8-4aa5-ab05-dceacffd19dd"
    ],
    "description": "",
    "tags": [],
    "updated_at": "2020-09-28T14:17:51Z",
    "provider:segmentation_id": 15998,
    "name": "SDNtenant1",
    "admin_state_up": true,
    "tenant_id": "0875c404aadf425f9133c9936cf34590",
    "created_at": "2020-09-24T03:07:55Z",
    "mt": 1450,
    "vlan_transparent": false
} with segments to bind null
Oct 04 19: 19: 51 devstack18 neutron-server[
    25156
]: INFO neutron.tests.unit.plugins.ml2.drivers.mechanism_logger [req-011dfeaf-3064-45ae-98b8-cd812cd698c3 req-6ace7572-975e-4488-97db-315846c0ee61 demo admin
] update_port_precommit called with port settings {
    "allowed_address_pairs": [],
    "extra_dhcp_opts": [],
    "updated_at": "2020-10-04T11:19:51Z",
    "device_owner": "compute:nova",
    "revision_number": 3,
    "binding:profile": {},
    "port_security_enabled": true,
    "fixed_ips": [
        {
            "subnet_id": "08816503-8de8-4aa5-ab05-dceacffd19dd",
            "ip_address": "192.168.86.4"
        }
    ],
    "id": "827189f4-22da-4603-99a5-78877b471099",
    "security_groups": [
        "1ffddca0-b0f1-424c-a410-1ff4acb7475e"
    ],
    "binding_levels": [],
    "binding:vif_details": {},
    "binding:vif_type": "unbound",
    "mac_address": "28:a6:db:a9:92:27",
    "project_id": "3e5f135adb37476c9cc2cd47dc579cfc",
    "status": "PENDING_CREATE",
    "binding:host_id": "",
    "description": "",
    "tags": [],
    "device_id": "ff8e9e7f-3414-49cf-85a8-a211463cc13d",
    "name": "",
    "admin_state_up": true,
    "network_id": "9425b757-339d-4954-a17b-dbb3f7061006",
    "tenant_id": "3e5f135adb37476c9cc2cd47dc579cfc",
    "created_at": "2020-10-04T11:19:46Z",
    "binding:vnic_type": "normal"
} (original settings {
    "status": "PENDING_CREATE",
    "binding:host_id": "",
    "description": "",
    "allowed_address_pairs": [],
    "tags": [],
    "extra_dhcp_opts": [],
    "updated_at": "2020-10-04T11:19:47Z",
    "device_owner": "compute:nova",
    "binding_levels": [],
    "revision_number": 2,
    "port_security_enabled": true,
    "binding:profile": {},
    "fixed_ips": [
        {
            "subnet_id": "08816503-8de8-4aa5-ab05-dceacffd19dd",
            "ip_address": "192.168.86.4"
        }
    ],
    "id": "827189f4-22da-4603-99a5-78877b471099",
    "security_groups": [
        "1ffddca0-b0f1-424c-a410-1ff4acb7475e"
    ],
    "device_id": "ff8e9e7f-3414-49cf-85a8-a211463cc13d",
    "name": "",
    "admin_state_up": true,
    "network_id": "9425b757-339d-4954-a17b-dbb3f7061006",
    "tenant_id": "3e5f135adb37476c9cc2cd47dc579cfc",
    "binding:vif_details": {},
    "binding:vnic_type": "normal",
    "binding:vif_type": "unbound",
    "mac_address": "fa:16:3e:b8:2c:fe",
    "project_id": "3e5f135adb37476c9cc2cd47dc579cfc",
    "created_at": "2020-10-04T11:19:46Z"
}) host  (original host ) vif type unbound (original vif type unbound) vif details {} (original vif details {}) binding levels null (original binding levels null) on network {
    "provider:physical_network": null,
    "ipv6_address_scope": null,
    "revision_number": 6,
    "port_security_enabled": true,
    "provider:network_type": "vxlan",
    "id": "9425b757-339d-4954-a17b-dbb3f7061006",
    "router:external": false,
    "availability_zone_hints": [],
    "availability_zones": [
        "nova"
    ],
    "ipv4_address_scope": null,
    "shared": false,
    "project_id": "0875c404aadf425f9133c9936cf34590",
    "status": "ACTIVE",
    "subnets": [
        "08816503-8de8-4aa5-ab05-dceacffd19dd"
    ],
    "description": "",
    "tags": [],
    "updated_at": "2020-09-28T14:17:51Z",
    "provider:segmentation_id": 15998,
    "name": "SDNtenant1",
    "admin_state_up": true,
    "tenant_id": "0875c404aadf425f9133c9936cf34590",
    "created_at": "2020-09-24T03:07:55Z",
    "mt": 1450,
    "vlan_transparent": false
} with segments to bind null
Oct 04 19: 19: 52 devstack18 neutron-server[
    25156
]: INFO neutron.tests.unit.plugins.ml2.drivers.mechanism_logger [req-011dfeaf-3064-45ae-98b8-cd812cd698c3 req-6ace7572-975e-4488-97db-315846c0ee61 demo admin
] update_port_postcommit called with port settings {
    "allowed_address_pairs": [],
    "extra_dhcp_opts": [],
    "updated_at": "2020-10-04T11:19:51",
    "device_owner": "compute:nova",
    "revision_number": 3,
    "binding:profile": {
        "enable_internet": false
    },
    "port_security_enabled": true,
    "fixed_ips": [
        {
            "subnet_id": "08816503-8de8-4aa5-ab05-dceacffd19dd",
            "ip_address": "192.168.86.4"
        }
    ],
    "id": "827189f4-22da-4603-99a5-78877b471099",
    "security_groups": [
        "1ffddca0-b0f1-424c-a410-1ff4acb7475e"
    ],
    "binding_levels": [],
    "binding:vif_details": {},
    "binding:vif_type": "unbound",
    "mac_address": "28:a6:db:a9:92:27",
    "project_id": "3e5f135adb37476c9cc2cd47dc579cfc",
    "status": "PENDING_CREATE",
    "binding:host_id": "",
    "description": "",
    "tags": [],
    "device_id": "ff8e9e7f-3414-49cf-85a8-a211463cc13d",
    "name": "",
    "admin_state_up": true,
    "network_id": "9425b757-339d-4954-a17b-dbb3f7061006",
    "tenant_id": "3e5f135adb37476c9cc2cd47dc579cfc",
    "created_at": "2020-10-04T11:19:46Z",
    "binding:vnic_type": "normal"
} (original settings {
    "status": "PENDING_CREATE",
    "binding:host_id": "",
    "description": "",
    "allowed_address_pairs": [],
    "tags": [],
    "extra_dhcp_opts": [],
    "updated_at": "2020-10-04T11:19:47Z",
    "device_owner": "compute:nova",
    "binding_levels": [],
    "revision_number": 2,
    "port_security_enabled": true,
    "binding:profile": {},
    "fixed_ips": [
        {
            "subnet_id": "08816503-8de8-4aa5-ab05-dceacffd19dd",
            "ip_address": "192.168.86.4"
        }
    ],
    "id": "827189f4-22da-4603-99a5-78877b471099",
    "security_groups": [
        "1ffddca0-b0f1-424c-a410-1ff4acb7475e"
    ],
    "device_id": "ff8e9e7f-3414-49cf-85a8-a211463cc13d",
    "name": "",
    "admin_state_up": true,
    "network_id": "9425b757-339d-4954-a17b-dbb3f7061006",
    "tenant_id": "3e5f135adb37476c9cc2cd47dc579cfc",
    "binding:vif_details": {},
    "binding:vnic_type": "normal",
    "binding:vif_type": "unbound",
    "mac_address": "fa:16:3e:b8:2c:fe",
    "project_id": "3e5f135adb37476c9cc2cd47dc579cfc",
    "created_at": "2020-10-04T11:19:46Z"
}) host  (original host ) vif type unbound (original vif type unbound) vif details {} (original vif details {}) binding levels null (original binding levels null) on network {
    "provider:physical_network": null,
    "ipv6_address_scope": null,
    "revision_number": 6,
    "port_security_enabled": true,
    "provider:network_type": "vxlan",
    "id": "9425b757-339d-4954-a17b-dbb3f7061006",
    "router:external": false,
    "availability_zone_hints": [],
    "availability_zones": [
        "nova"
    ],
    "ipv4_address_scope": null,
    "shared": false,
    "project_id": "0875c404aadf425f9133c9936cf34590",
    "status": "ACTIVE",
    "subnets": [
        "08816503-8de8-4aa5-ab05-dceacffd19dd"
    ],
    "description": "",
    "tags": [],
    "updated_at": "2020-09-28T14:17:51Z",
    "provider:segmentation_id": 15998,
    "name": "SDNtenant1",
    "admin_state_up": true,
    "tenant_id": "0875c404aadf425f9133c9936cf34590",
    "created_at": "2020-09-24T03:07:55Z",
    "mt": 1450,
    "vlan_transparent": false
} with segments to bind null
Oct 04 19: 19: 58 devstack18 neutron-server[
    25156
]: INFO neutron.tests.unit.plugins.ml2.drivers.mechanism_logger [req-cb29b2c6-fcee-403d-aa2b-2f80f2f0725e req-811d7985-8c60-4246-927e-390489b60270 demo admin
] update_port_precommit called with port settings {
    "allowed_address_pairs": [],
    "extra_dhcp_opts": [],
    "updated_at": "2020-10-04T11:19:58Z",
    "device_owner": "compute:nova",
    "revision_number": 4,
    "binding:profile": {
        "local_link_information": [
            {
                "port_id": "25GE1/0/41",
                "switch_id": "48:57:02:dc:cf:51"
            }
        ]
    },
    "port_security_enabled": true,
    "fixed_ips": [
        {
            "subnet_id": "08816503-8de8-4aa5-ab05-dceacffd19dd",
            "ip_address": "192.168.86.4"
        }
    ],
    "id": "827189f4-22da-4603-99a5-78877b471099",
    "security_groups": [
        "1ffddca0-b0f1-424c-a410-1ff4acb7475e"
    ],
    "binding_levels": [],
    "binding:vif_details": {},
    "binding:vif_type": "unbound",
    "mac_address": "28:a6:db:a9:92:27",
    "project_id": "3e5f135adb37476c9cc2cd47dc579cfc",
    "status": "DOWN",
    "binding:host_id": "d8b345fa-fb44-462a-8c3b-a34b59d627e8",
    "description": "",
    "tags": [],
    "device_id": "ff8e9e7f-3414-49cf-85a8-a211463cc13d",
    "name": "",
    "admin_state_up": true,
    "network_id": "9425b757-339d-4954-a17b-dbb3f7061006",
    "tenant_id": "3e5f135adb37476c9cc2cd47dc579cfc",
    "created_at": "2020-10-04T11:19:46Z",
    "binding:vnic_type": "baremetal"
} (original settings {
    "status": "PENDING_CREATE",
    "binding:host_id": "",
    "description": "",
    "allowed_address_pairs": [],
    "tags": [],
    "extra_dhcp_opts": [],
    "updated_at": "2020-10-04T11:19:51Z",
    "device_owner": "compute:nova",
    "binding_levels": [],
    "revision_number": 3,
    "port_security_enabled": true,
    "binding:profile": {},
    "fixed_ips": [
        {
            "subnet_id": "08816503-8de8-4aa5-ab05-dceacffd19dd",
            "ip_address": "192.168.86.4"
        }
    ],
    "id": "827189f4-22da-4603-99a5-78877b471099",
    "security_groups": [
        "1ffddca0-b0f1-424c-a410-1ff4acb7475e"
    ],
    "device_id": "ff8e9e7f-3414-49cf-85a8-a211463cc13d",
    "name": "",
    "admin_state_up": true,
    "network_id": "9425b757-339d-4954-a17b-dbb3f7061006",
    "tenant_id": "3e5f135adb37476c9cc2cd47dc579cfc",
    "binding:vif_details": {},
    "binding:vnic_type": "normal",
    "binding:vif_type": "unbound",
    "mac_address": "28:a6:db:a9:92:27",
    "project_id": "3e5f135adb37476c9cc2cd47dc579cfc",
    "created_at": "2020-10-04T11:19:46Z"
}) host d8b345fa-fb44-462a-8c3b-a34b59d627e8 (original host ) vif type unbound (original vif type unbound) vif details {} (original vif details {}) binding levels null (original binding levels null) on network {
    "provider:physical_network": null,
    "ipv6_address_scope": null,
    "revision_number": 6,
    "port_security_enabled": true,
    "provider:network_type": "vxlan",
    "id": "9425b757-339d-4954-a17b-dbb3f7061006",
    "router:external": false,
    "availability_zone_hints": [],
    "availability_zones": [
        "nova"
    ],
    "ipv4_address_scope": null,
    "shared": false,
    "project_id": "0875c404aadf425f9133c9936cf34590",
    "status": "ACTIVE",
    "subnets": [
        "08816503-8de8-4aa5-ab05-dceacffd19dd"
    ],
    "description": "",
    "tags": [],
    "updated_at": "2020-09-28T14:17:51Z",
    "provider:segmentation_id": 15998,
    "name": "SDNtenant1",
    "admin_state_up": true,
    "tenant_id": "0875c404aadf425f9133c9936cf34590",
    "created_at": "2020-09-24T03:07:55Z",
    "mt": 1450,
    "vlan_transparent": false
} with segments to bind null
Oct 04 19: 19: 58 devstack18 neutron-server[
    25156
]: INFO neutron.tests.unit.plugins.ml2.drivers.mechanism_logger [req-cb29b2c6-fcee-403d-aa2b-2f80f2f0725e req-811d7985-8c60-4246-927e-390489b60270 demo admin
] update_port_postcommit called with port settings {
    "allowed_address_pairs": [],
    "extra_dhcp_opts": [],
    "updated_at": "2020-10-04T11:19:58",
    "device_owner": "compute:nova",
    "revision_number": 4,
    "binding:profile": {
        "enable_internet": false,
        "local_link_information": [
            {
                "port_id": "25GE1/0/41",
                "switch_id": "48:57:02:dc:cf:51"
            }
        ]
    },
    "port_security_enabled": true,
    "fixed_ips": [
        {
            "subnet_id": "08816503-8de8-4aa5-ab05-dceacffd19dd",
            "ip_address": "192.168.86.4"
        }
    ],
    "id": "827189f4-22da-4603-99a5-78877b471099",
    "security_groups": [
        "1ffddca0-b0f1-424c-a410-1ff4acb7475e"
    ],
    "binding_levels": [],
    "binding:vif_details": {},
    "binding:vif_type": "unbound",
    "mac_address": "28:a6:db:a9:92:27",
    "project_id": "3e5f135adb37476c9cc2cd47dc579cfc",
    "status": "DOWN",
    "binding:host_id": "d8b345fa-fb44-462a-8c3b-a34b59d627e8",
    "description": "",
    "tags": [],
    "device_id": "ff8e9e7f-3414-49cf-85a8-a211463cc13d",
    "name": "",
    "admin_state_up": true,
    "network_id": "9425b757-339d-4954-a17b-dbb3f7061006",
    "tenant_id": "3e5f135adb37476c9cc2cd47dc579cfc",
    "created_at": "2020-10-04T11:19:46Z",
    "binding:vnic_type": "baremetal"
} (original settings {
    "status": "PENDING_CREATE",
    "binding:host_id": "",
    "description": "",
    "allowed_address_pairs": [],
    "tags": [],
    "extra_dhcp_opts": [],
    "updated_at": "2020-10-04T11:19:51Z",
    "device_owner": "compute:nova",
    "binding_levels": [],
    "revision_number": 3,
    "port_security_enabled": true,
    "binding:profile": {},
    "fixed_ips": [
        {
            "subnet_id": "08816503-8de8-4aa5-ab05-dceacffd19dd",
            "ip_address": "192.168.86.4"
        }
    ],
    "id": "827189f4-22da-4603-99a5-78877b471099",
    "security_groups": [
        "1ffddca0-b0f1-424c-a410-1ff4acb7475e"
    ],
    "device_id": "ff8e9e7f-3414-49cf-85a8-a211463cc13d",
    "name": "",
    "admin_state_up": true,
    "network_id": "9425b757-339d-4954-a17b-dbb3f7061006",
    "tenant_id": "3e5f135adb37476c9cc2cd47dc579cfc",
    "binding:vif_details": {},
    "binding:vnic_type": "normal",
    "binding:vif_type": "unbound",
    "mac_address": "28:a6:db:a9:92:27",
    "project_id": "3e5f135adb37476c9cc2cd47dc579cfc",
    "created_at": "2020-10-04T11:19:46Z"
}) host d8b345fa-fb44-462a-8c3b-a34b59d627e8 (original host ) vif type unbound (original vif type unbound) vif details {} (original vif details {}) binding levels null (original binding levels null) on network {
    "provider:physical_network": null,
    "ipv6_address_scope": null,
    "revision_number": 6,
    "port_security_enabled": true,
    "provider:network_type": "vxlan",
    "id": "9425b757-339d-4954-a17b-dbb3f7061006",
    "router:external": false,
    "availability_zone_hints": [],
    "availability_zones": [
        "nova"
    ],
    "ipv4_address_scope": null,
    "shared": false,
    "project_id": "0875c404aadf425f9133c9936cf34590",
    "status": "ACTIVE",
    "subnets": [
        "08816503-8de8-4aa5-ab05-dceacffd19dd"
    ],
    "description": "",
    "tags": [],
    "updated_at": "2020-09-28T14:17:51Z",
    "provider:segmentation_id": 15998,
    "name": "SDNtenant1",
    "admin_state_up": true,
    "tenant_id": "0875c404aadf425f9133c9936cf34590",
    "created_at": "2020-09-24T03:07:55Z",
    "mt": 1450,
    "vlan_transparent": false
} with segments to bind null
Oct 04 19: 20: 01 devstack18 neutron-server[
    25156
]: INFO neutron.tests.unit.plugins.ml2.drivers.mechanism_logger [req-cb29b2c6-fcee-403d-aa2b-2f80f2f0725e req-811d7985-8c60-4246-927e-390489b60270 demo admin
] bind_port called with port settings {
    "allowed_address_pairs": [],
    "extra_dhcp_opts": [],
    "updated_at": "2020-10-04T11:19:58",
    "device_owner": "compute:nova",
    "revision_number": 4,
    "binding:profile": {
        "enable_internet": false,
        "local_link_information": [
            {
                "port_id": "25GE1/0/41",
                "switch_id": "48:57:02:dc:cf:51"
            }
        ]
    },
    "port_security_enabled": true,
    "fixed_ips": [
        {
            "subnet_id": "08816503-8de8-4aa5-ab05-dceacffd19dd",
            "ip_address": "192.168.86.4"
        }
    ],
    "id": "827189f4-22da-4603-99a5-78877b471099",
    "security_groups": [
        "1ffddca0-b0f1-424c-a410-1ff4acb7475e"
    ],
    "binding_levels": [],
    "binding:vif_details": {},
    "binding:vif_type": "unbound",
    "mac_address": "28:a6:db:a9:92:27",
    "project_id": "3e5f135adb37476c9cc2cd47dc579cfc",
    "status": "DOWN",
    "binding:host_id": "d8b345fa-fb44-462a-8c3b-a34b59d627e8",
    "description": "",
    "tags": [],
    "device_id": "ff8e9e7f-3414-49cf-85a8-a211463cc13d",
    "name": "",
    "admin_state_up": true,
    "network_id": "9425b757-339d-4954-a17b-dbb3f7061006",
    "tenant_id": "3e5f135adb37476c9cc2cd47dc579cfc",
    "created_at": "2020-10-04T11:19:46Z",
    "binding:vnic_type": "baremetal"
} (original settings {
    "status": "PENDING_CREATE",
    "binding:host_id": "",
    "description": "",
    "allowed_address_pairs": [],
    "tags": [],
    "extra_dhcp_opts": [],
    "updated_at": "2020-10-04T11:19:51Z",
    "device_owner": "compute:nova",
    "binding_levels": [],
    "revision_number": 3,
    "port_security_enabled": true,
    "binding:profile": {},
    "fixed_ips": [
        {
            "subnet_id": "08816503-8de8-4aa5-ab05-dceacffd19dd",
            "ip_address": "192.168.86.4"
        }
    ],
    "id": "827189f4-22da-4603-99a5-78877b471099",
    "security_groups": [
        "1ffddca0-b0f1-424c-a410-1ff4acb7475e"
    ],
    "device_id": "ff8e9e7f-3414-49cf-85a8-a211463cc13d",
    "name": "",
    "admin_state_up": true,
    "network_id": "9425b757-339d-4954-a17b-dbb3f7061006",
    "tenant_id": "3e5f135adb37476c9cc2cd47dc579cfc",
    "binding:vif_details": {},
    "binding:vnic_type": "normal",
    "binding:vif_type": "unbound",
    "mac_address": "28:a6:db:a9:92:27",
    "project_id": "3e5f135adb37476c9cc2cd47dc579cfc",
    "created_at": "2020-10-04T11:19:46Z"
}) host d8b345fa-fb44-462a-8c3b-a34b59d627e8 (original host ) vif type unbound (original vif type unbound) vif details {} (original vif details {}) binding levels null (original binding levels null) on network {
    "provider:physical_network": null,
    "ipv6_address_scope": null,
    "revision_number": 6,
    "port_security_enabled": true,
    "provider:network_type": "vxlan",
    "id": "9425b757-339d-4954-a17b-dbb3f7061006",
    "router:external": false,
    "availability_zone_hints": [],
    "availability_zones": [
        "nova"
    ],
    "ipv4_address_scope": null,
    "shared": false,
    "project_id": "0875c404aadf425f9133c9936cf34590",
    "status": "ACTIVE",
    "subnets": [
        "08816503-8de8-4aa5-ab05-dceacffd19dd"
    ],
    "description": "",
    "tags": [],
    "updated_at": "2020-09-28T14:17:51Z",
    "provider:segmentation_id": 15998,
    "name": "SDNtenant1",
    "admin_state_up": true,
    "tenant_id": "0875c404aadf425f9133c9936cf34590",
    "created_at": "2020-09-24T03:07:55Z",
    "mt": 1450,
    "vlan_transparent": false
} with segments to bind [
    {
        "network_id": "9425b757-339d-4954-a17b-dbb3f7061006",
        "segmentation_id": 15998,
        "physical_network": null,
        "id": "3a0946cc-1f61-4211-8a33-b8e2b0b7a2a0",
        "network_type": "vxlan"
    }
]
Oct 04 19: 20: 01 devstack18 neutron-server[
    25156
]: INFO neutron.tests.unit.plugins.ml2.drivers.mechanism_logger [req-cb29b2c6-fcee-403d-aa2b-2f80f2f0725e req-811d7985-8c60-4246-927e-390489b60270 demo admin
] bind_port called with port settings {
    "allowed_address_pairs": [],
    "extra_dhcp_opts": [],
    "updated_at": "2020-10-04T11:19:58",
    "device_owner": "compute:nova",
    "revision_number": 4,
    "binding:profile": {
        "enable_internet": false,
        "local_link_information": [
            {
                "port_id": "25GE1/0/41",
                "switch_id": "48:57:02:dc:cf:51"
            }
        ]
    },
    "port_security_enabled": true,
    "fixed_ips": [
        {
            "subnet_id": "08816503-8de8-4aa5-ab05-dceacffd19dd",
            "ip_address": "192.168.86.4"
        }
    ],
    "id": "827189f4-22da-4603-99a5-78877b471099",
    "security_groups": [
        "1ffddca0-b0f1-424c-a410-1ff4acb7475e"
    ],
    "binding_levels": [],
    "binding:vif_details": {},
    "binding:vif_type": "unbound",
    "mac_address": "28:a6:db:a9:92:27",
    "project_id": "3e5f135adb37476c9cc2cd47dc579cfc",
    "status": "DOWN",
    "binding:host_id": "d8b345fa-fb44-462a-8c3b-a34b59d627e8",
    "description": "",
    "tags": [],
    "device_id": "ff8e9e7f-3414-49cf-85a8-a211463cc13d",
    "name": "",
    "admin_state_up": true,
    "network_id": "9425b757-339d-4954-a17b-dbb3f7061006",
    "tenant_id": "3e5f135adb37476c9cc2cd47dc579cfc",
    "created_at": "2020-10-04T11:19:46Z",
    "binding:vnic_type": "baremetal"
} (original settings {
    "status": "PENDING_CREATE",
    "binding:host_id": "",
    "description": "",
    "allowed_address_pairs": [],
    "tags": [],
    "extra_dhcp_opts": [],
    "updated_at": "2020-10-04T11:19:51Z",
    "device_owner": "compute:nova",
    "binding_levels": [],
    "revision_number": 3,
    "port_security_enabled": true,
    "binding:profile": {},
    "fixed_ips": [
        {
            "subnet_id": "08816503-8de8-4aa5-ab05-dceacffd19dd",
            "ip_address": "192.168.86.4"
        }
    ],
    "id": "827189f4-22da-4603-99a5-78877b471099",
    "security_groups": [
        "1ffddca0-b0f1-424c-a410-1ff4acb7475e"
    ],
    "device_id": "ff8e9e7f-3414-49cf-85a8-a211463cc13d",
    "name": "",
    "admin_state_up": true,
    "network_id": "9425b757-339d-4954-a17b-dbb3f7061006",
    "tenant_id": "3e5f135adb37476c9cc2cd47dc579cfc",
    "binding:vif_details": {},
    "binding:vnic_type": "normal",
    "binding:vif_type": "unbound",
    "mac_address": "28:a6:db:a9:92:27",
    "project_id": "3e5f135adb37476c9cc2cd47dc579cfc",
    "created_at": "2020-10-04T11:19:46Z"
}) host d8b345fa-fb44-462a-8c3b-a34b59d627e8 (original host ) vif type unbound (original vif type unbound) vif details {} (original vif details {}) binding levels [
    {
        "bound_driver": "mlnx_ib_bm",
        "bound_segment": {
            "network_id": "9425b757-339d-4954-a17b-dbb3f7061006",
            "segmentation_id": 15998,
            "physical_network": null,
            "id": "3a0946cc-1f61-4211-8a33-b8e2b0b7a2a0",
            "network_type": "vxlan"
        }
    }
] (original binding levels null) on network {
    "provider:physical_network": null,
    "ipv6_address_scope": null,
    "revision_number": 6,
    "port_security_enabled": true,
    "provider:network_type": "vxlan",
    "id": "9425b757-339d-4954-a17b-dbb3f7061006",
    "router:external": false,
    "availability_zone_hints": [],
    "availability_zones": [
        "nova"
    ],
    "ipv4_address_scope": null,
    "shared": false,
    "project_id": "0875c404aadf425f9133c9936cf34590",
    "status": "ACTIVE",
    "subnets": [
        "08816503-8de8-4aa5-ab05-dceacffd19dd"
    ],
    "description": "",
    "tags": [],
    "updated_at": "2020-09-28T14:17:51Z",
    "provider:segmentation_id": 15998,
    "name": "SDNtenant1",
    "admin_state_up": true,
    "tenant_id": "0875c404aadf425f9133c9936cf34590",
    "created_at": "2020-09-24T03:07:55Z",
    "mt": 1450,
    "vlan_transparent": false
} with segments to bind [
    {
        "network_id": "9425b757-339d-4954-a17b-dbb3f7061006",
        "segmentation_id": 15998,
        "physical_network": null,
        "id": "3a0946cc-1f61-4211-8a33-b8e2b0b7a2a0",
        "network_type": "vxlan"
    }
]
Oct 04 19: 20: 02 devstack18 neutron-server[
    25156
]: INFO neutron.tests.unit.plugins.ml2.drivers.mechanism_logger [req-cb29b2c6-fcee-403d-aa2b-2f80f2f0725e req-811d7985-8c60-4246-927e-390489b60270 demo admin
] bind_port called with port settings {
    "status": "DOWN",
    "binding:host_id": "d8b345fa-fb44-462a-8c3b-a34b59d627e8",
    "description": "",
    "allowed_address_pairs": [],
    "tags": [],
    "extra_dhcp_opts": [],
    "updated_at": "2020-10-04T11:19:58Z",
    "device_owner": "compute:nova",
    "binding_levels": [],
    "revision_number": 4,
    "port_security_enabled": true,
    "binding:profile": {
        "local_link_information": [
            {
                "port_id": "25GE1/0/41",
                "switch_id": "48:57:02:dc:cf:51"
            }
        ]
    },
    "fixed_ips": [
        {
            "subnet_id": "08816503-8de8-4aa5-ab05-dceacffd19dd",
            "ip_address": "192.168.86.4"
        }
    ],
    "id": "827189f4-22da-4603-99a5-78877b471099",
    "security_groups": [
        "1ffddca0-b0f1-424c-a410-1ff4acb7475e"
    ],
    "device_id": "ff8e9e7f-3414-49cf-85a8-a211463cc13d",
    "name": "",
    "admin_state_up": true,
    "network_id": "9425b757-339d-4954-a17b-dbb3f7061006",
    "tenant_id": "3e5f135adb37476c9cc2cd47dc579cfc",
    "binding:vif_details": {},
    "binding:vnic_type": "baremetal",
    "binding:vif_type": "unbound",
    "mac_address": "28:a6:db:a9:92:27",
    "project_id": "3e5f135adb37476c9cc2cd47dc579cfc",
    "created_at": "2020-10-04T11:19:46Z"
} (original settings {
    "status": "DOWN",
    "binding:host_id": "d8b345fa-fb44-462a-8c3b-a34b59d627e8",
    "description": "",
    "allowed_address_pairs": [],
    "tags": [],
    "extra_dhcp_opts": [],
    "updated_at": "2020-10-04T11:19:58Z",
    "device_owner": "compute:nova",
    "binding_levels": [],
    "revision_number": 4,
    "port_security_enabled": true,
    "binding:profile": {
        "local_link_information": [
            {
                "port_id": "25GE1/0/41",
                "switch_id": "48:57:02:dc:cf:51"
            }
        ]
    },
    "fixed_ips": [
        {
            "subnet_id": "08816503-8de8-4aa5-ab05-dceacffd19dd",
            "ip_address": "192.168.86.4"
        }
    ],
    "id": "827189f4-22da-4603-99a5-78877b471099",
    "security_groups": [
        "1ffddca0-b0f1-424c-a410-1ff4acb7475e"
    ],
    "device_id": "ff8e9e7f-3414-49cf-85a8-a211463cc13d",
    "name": "",
    "admin_state_up": true,
    "network_id": "9425b757-339d-4954-a17b-dbb3f7061006",
    "tenant_id": "3e5f135adb37476c9cc2cd47dc579cfc",
    "binding:vif_details": {},
    "binding:vnic_type": "baremetal",
    "binding:vif_type": "unbound",
    "mac_address": "28:a6:db:a9:92:27",
    "project_id": "3e5f135adb37476c9cc2cd47dc579cfc",
    "created_at": "2020-10-04T11:19:46Z"
}) host d8b345fa-fb44-462a-8c3b-a34b59d627e8 (original host d8b345fa-fb44-462a-8c3b-a34b59d627e8) vif type unbound (original vif type unbound) vif details {} (original vif details {}) binding levels null (original binding levels null) on network {
    "provider:physical_network": null,
    "ipv6_address_scope": null,
    "revision_number": 6,
    "port_security_enabled": true,
    "provider:network_type": "vxlan",
    "id": "9425b757-339d-4954-a17b-dbb3f7061006",
    "router:external": false,
    "availability_zone_hints": [],
    "availability_zones": [
        "nova"
    ],
    "ipv4_address_scope": null,
    "shared": false,
    "project_id": "0875c404aadf425f9133c9936cf34590",
    "status": "ACTIVE",
    "subnets": [
        "08816503-8de8-4aa5-ab05-dceacffd19dd"
    ],
    "description": "",
    "tags": [],
    "updated_at": "2020-09-28T14:17:51Z",
    "provider:segmentation_id": 15998,
    "name": "SDNtenant1",
    "admin_state_up": true,
    "tenant_id": "0875c404aadf425f9133c9936cf34590",
    "created_at": "2020-09-24T03:07:55Z",
    "mt": 1450,
    "vlan_transparent": false
} with segments to bind [
    {
        "network_id": "9425b757-339d-4954-a17b-dbb3f7061006",
        "segmentation_id": 15998,
        "physical_network": null,
        "id": "3a0946cc-1f61-4211-8a33-b8e2b0b7a2a0",
        "network_type": "vxlan"
    }
]
Oct 04 19: 20: 02 devstack18 neutron-server[
    25156
]: INFO neutron.tests.unit.plugins.ml2.drivers.mechanism_logger [req-cb29b2c6-fcee-403d-aa2b-2f80f2f0725e req-811d7985-8c60-4246-927e-390489b60270 demo admin
] bind_port called with port settings {
    "status": "DOWN",
    "binding:host_id": "d8b345fa-fb44-462a-8c3b-a34b59d627e8",
    "description": "",
    "allowed_address_pairs": [],
    "tags": [],
    "extra_dhcp_opts": [],
    "updated_at": "2020-10-04T11:19:58Z",
    "device_owner": "compute:nova",
    "binding_levels": [],
    "revision_number": 4,
    "port_security_enabled": true,
    "binding:profile": {
        "local_link_information": [
            {
                "port_id": "25GE1/0/41",
                "switch_id": "48:57:02:dc:cf:51"
            }
        ]
    },
    "fixed_ips": [
        {
            "subnet_id": "08816503-8de8-4aa5-ab05-dceacffd19dd",
            "ip_address": "192.168.86.4"
        }
    ],
    "id": "827189f4-22da-4603-99a5-78877b471099",
    "security_groups": [
        "1ffddca0-b0f1-424c-a410-1ff4acb7475e"
    ],
    "device_id": "ff8e9e7f-3414-49cf-85a8-a211463cc13d",
    "name": "",
    "admin_state_up": true,
    "network_id": "9425b757-339d-4954-a17b-dbb3f7061006",
    "tenant_id": "3e5f135adb37476c9cc2cd47dc579cfc",
    "binding:vif_details": {},
    "binding:vnic_type": "baremetal",
    "binding:vif_type": "unbound",
    "mac_address": "28:a6:db:a9:92:27",
    "project_id": "3e5f135adb37476c9cc2cd47dc579cfc",
    "created_at": "2020-10-04T11:19:46Z"
} (original settings {
    "status": "DOWN",
    "binding:host_id": "d8b345fa-fb44-462a-8c3b-a34b59d627e8",
    "description": "",
    "allowed_address_pairs": [],
    "tags": [],
    "extra_dhcp_opts": [],
    "updated_at": "2020-10-04T11:19:58Z",
    "device_owner": "compute:nova",
    "binding_levels": [],
    "revision_number": 4,
    "port_security_enabled": true,
    "binding:profile": {
        "local_link_information": [
            {
                "port_id": "25GE1/0/41",
                "switch_id": "48:57:02:dc:cf:51"
            }
        ]
    },
    "fixed_ips": [
        {
            "subnet_id": "08816503-8de8-4aa5-ab05-dceacffd19dd",
            "ip_address": "192.168.86.4"
        }
    ],
    "id": "827189f4-22da-4603-99a5-78877b471099",
    "security_groups": [
        "1ffddca0-b0f1-424c-a410-1ff4acb7475e"
    ],
    "device_id": "ff8e9e7f-3414-49cf-85a8-a211463cc13d",
    "name": "",
    "admin_state_up": true,
    "network_id": "9425b757-339d-4954-a17b-dbb3f7061006",
    "tenant_id": "3e5f135adb37476c9cc2cd47dc579cfc",
    "binding:vif_details": {},
    "binding:vnic_type": "baremetal",
    "binding:vif_type": "unbound",
    "mac_address": "28:a6:db:a9:92:27",
    "project_id": "3e5f135adb37476c9cc2cd47dc579cfc",
    "created_at": "2020-10-04T11:19:46Z"
}) host d8b345fa-fb44-462a-8c3b-a34b59d627e8 (original host d8b345fa-fb44-462a-8c3b-a34b59d627e8) vif type unbound (original vif type unbound) vif details {} (original vif details {}) binding levels [
    {
        "bound_driver": "mlnx_ib_bm",
        "bound_segment": {
            "network_id": "9425b757-339d-4954-a17b-dbb3f7061006",
            "segmentation_id": 15998,
            "physical_network": null,
            "id": "3a0946cc-1f61-4211-8a33-b8e2b0b7a2a0",
            "network_type": "vxlan"
        }
    }
] (original binding levels null) on network {
    "provider:physical_network": null,
    "ipv6_address_scope": null,
    "revision_number": 6,
    "port_security_enabled": true,
    "provider:network_type": "vxlan",
    "id": "9425b757-339d-4954-a17b-dbb3f7061006",
    "router:external": false,
    "availability_zone_hints": [],
    "availability_zones": [
        "nova"
    ],
    "ipv4_address_scope": null,
    "shared": false,
    "project_id": "0875c404aadf425f9133c9936cf34590",
    "status": "ACTIVE",
    "subnets": [
        "08816503-8de8-4aa5-ab05-dceacffd19dd"
    ],
    "description": "",
    "tags": [],
    "updated_at": "2020-09-28T14:17:51Z",
    "provider:segmentation_id": 15998,
    "name": "SDNtenant1",
    "admin_state_up": true,
    "tenant_id": "0875c404aadf425f9133c9936cf34590",
    "created_at": "2020-09-24T03:07:55Z",
    "mt": 1450,
    "vlan_transparent": false
} with segments to bind [
    {
        "network_id": "9425b757-339d-4954-a17b-dbb3f7061006",
        "segmentation_id": 15998,
        "physical_network": null,
        "id": "3a0946cc-1f61-4211-8a33-b8e2b0b7a2a0",
        "network_type": "vxlan"
    }
]
Oct 04 19: 20: 02 devstack18 neutron-server[
    25156
]: INFO neutron.tests.unit.plugins.ml2.drivers.mechanism_logger [req-cb29b2c6-fcee-403d-aa2b-2f80f2f0725e req-811d7985-8c60-4246-927e-390489b60270 demo admin
] update_port_precommit called with port settings {
    "status": "DOWN",
    "binding:host_id": "d8b345fa-fb44-462a-8c3b-a34b59d627e8",
    "description": "",
    "allowed_address_pairs": [],
    "tags": [],
    "extra_dhcp_opts": [],
    "updated_at": "2020-10-04T11:19:58Z",
    "device_owner": "compute:nova",
    "binding_levels": [],
    "revision_number": 4,
    "port_security_enabled": true,
    "binding:profile": {
        "local_link_information": [
            {
                "port_id": "25GE1/0/41",
                "switch_id": "48:57:02:dc:cf:51"
            }
        ]
    },
    "fixed_ips": [
        {
            "subnet_id": "08816503-8de8-4aa5-ab05-dceacffd19dd",
            "ip_address": "192.168.86.4"
        }
    ],
    "id": "827189f4-22da-4603-99a5-78877b471099",
    "security_groups": [
        "1ffddca0-b0f1-424c-a410-1ff4acb7475e"
    ],
    "device_id": "ff8e9e7f-3414-49cf-85a8-a211463cc13d",
    "name": "",
    "admin_state_up": true,
    "network_id": "9425b757-339d-4954-a17b-dbb3f7061006",
    "tenant_id": "3e5f135adb37476c9cc2cd47dc579cfc",
    "binding:vif_details": {
        "ovs_hybrid_plug": true,
        "port_filter": true
    },
    "binding:vnic_type": "baremetal",
    "binding:vif_type": "ovs",
    "mac_address": "28:a6:db:a9:92:27",
    "project_id": "3e5f135adb37476c9cc2cd47dc579cfc",
    "created_at": "2020-10-04T11:19:46Z"
} (original settings {
    "status": "DOWN",
    "binding:host_id": "d8b345fa-fb44-462a-8c3b-a34b59d627e8",
    "description": "",
    "allowed_address_pairs": [],
    "tags": [],
    "extra_dhcp_opts": [],
    "updated_at": "2020-10-04T11:19:58Z",
    "device_owner": "compute:nova",
    "binding_levels": [],
    "revision_number": 4,
    "port_security_enabled": true,
    "binding:profile": {
        "local_link_information": [
            {
                "port_id": "25GE1/0/41",
                "switch_id": "48:57:02:dc:cf:51"
            }
        ]
    },
    "fixed_ips": [
        {
            "subnet_id": "08816503-8de8-4aa5-ab05-dceacffd19dd",
            "ip_address": "192.168.86.4"
        }
    ],
    "id": "827189f4-22da-4603-99a5-78877b471099",
    "security_groups": [
        "1ffddca0-b0f1-424c-a410-1ff4acb7475e"
    ],
    "device_id": "ff8e9e7f-3414-49cf-85a8-a211463cc13d",
    "name": "",
    "admin_state_up": true,
    "network_id": "9425b757-339d-4954-a17b-dbb3f7061006",
    "tenant_id": "3e5f135adb37476c9cc2cd47dc579cfc",
    "binding:vif_details": {},
    "binding:vnic_type": "baremetal",
    "binding:vif_type": "unbound",
    "mac_address": "28:a6:db:a9:92:27",
    "project_id": "3e5f135adb37476c9cc2cd47dc579cfc",
    "created_at": "2020-10-04T11:19:46Z"
}) host d8b345fa-fb44-462a-8c3b-a34b59d627e8 (original host d8b345fa-fb44-462a-8c3b-a34b59d627e8) vif type ovs (original vif type unbound) vif details {
    "ovs_hybrid_plug": true,
    "port_filter": true
} (original vif details {}) binding levels [
    {
        "bound_driver": "mlnx_ib_bm",
        "bound_segment": {
            "network_id": "9425b757-339d-4954-a17b-dbb3f7061006",
            "segmentation_id": 15998,
            "physical_network": null,
            "id": "3a0946cc-1f61-4211-8a33-b8e2b0b7a2a0",
            "network_type": "vxlan"
        }
    },
    {
        "bound_driver": "huawei_ac_ml2",
        "bound_segment": {
            "network_id": "9425b757-339d-4954-a17b-dbb3f7061006",
            "segmentation_id": 15998,
            "physical_network": null,
            "id": "3a0946cc-1f61-4211-8a33-b8e2b0b7a2a0",
            "network_type": "vxlan"
        }
    }
] (original binding levels null) on network {
    "provider:physical_network": null,
    "ipv6_address_scope": null,
    "revision_number": 6,
    "port_security_enabled": true,
    "provider:network_type": "vxlan",
    "id": "9425b757-339d-4954-a17b-dbb3f7061006",
    "router:external": false,
    "availability_zone_hints": [],
    "availability_zones": [
        "nova"
    ],
    "ipv4_address_scope": null,
    "shared": false,
    "project_id": "0875c404aadf425f9133c9936cf34590",
    "status": "ACTIVE",
    "subnets": [
        "08816503-8de8-4aa5-ab05-dceacffd19dd"
    ],
    "description": "",
    "tags": [],
    "updated_at": "2020-09-28T14:17:51Z",
    "provider:segmentation_id": 15998,
    "name": "SDNtenant1",
    "admin_state_up": true,
    "tenant_id": "0875c404aadf425f9133c9936cf34590",
    "created_at": "2020-09-24T03:07:55Z",
    "mt": 1450,
    "vlan_transparent": false
} with segments to bind null
Oct 04 19: 20: 03 devstack18 neutron-server[
    25156
]: INFO neutron.tests.unit.plugins.ml2.drivers.mechanism_logger [req-cb29b2c6-fcee-403d-aa2b-2f80f2f0725e req-811d7985-8c60-4246-927e-390489b60270 demo admin
] update_port_postcommit called with port settings {
    "status": "DOWN",
    "binding:host_id": "d8b345fa-fb44-462a-8c3b-a34b59d627e8",
    "description": "",
    "allowed_address_pairs": [],
    "tags": [],
    "extra_dhcp_opts": [],
    "updated_at": "2020-10-04T11:20:02",
    "device_owner": "compute:nova",
    "binding_levels": [],
    "revision_number": 4,
    "port_security_enabled": true,
    "binding:profile": {
        "enable_internet": false,
        "local_link_information": [
            {
                "port_id": "25GE1/0/41",
                "switch_id": "48:57:02:dc:cf:51"
            }
        ]
    },
    "fixed_ips": [
        {
            "subnet_id": "08816503-8de8-4aa5-ab05-dceacffd19dd",
            "ip_address": "192.168.86.4"
        }
    ],
    "id": "827189f4-22da-4603-99a5-78877b471099",
    "security_groups": [
        "1ffddca0-b0f1-424c-a410-1ff4acb7475e"
    ],
    "device_id": "ff8e9e7f-3414-49cf-85a8-a211463cc13d",
    "name": "",
    "admin_state_up": true,
    "network_id": "9425b757-339d-4954-a17b-dbb3f7061006",
    "tenant_id": "3e5f135adb37476c9cc2cd47dc579cfc",
    "binding:vif_details": {
        "ovs_hybrid_plug": true,
        "port_filter": true
    },
    "binding:vnic_type": "baremetal",
    "binding:vif_type": "ovs",
    "mac_address": "28:a6:db:a9:92:27",
    "project_id": "3e5f135adb37476c9cc2cd47dc579cfc",
    "created_at": "2020-10-04T11:19:46Z"
} (original settings {
    "status": "DOWN",
    "binding:host_id": "d8b345fa-fb44-462a-8c3b-a34b59d627e8",
    "description": "",
    "allowed_address_pairs": [],
    "tags": [],
    "extra_dhcp_opts": [],
    "updated_at": "2020-10-04T11:19:58Z",
    "device_owner": "compute:nova",
    "binding_levels": [],
    "revision_number": 4,
    "port_security_enabled": true,
    "binding:profile": {
        "local_link_information": [
            {
                "port_id": "25GE1/0/41",
                "switch_id": "48:57:02:dc:cf:51"
            }
        ]
    },
    "fixed_ips": [
        {
            "subnet_id": "08816503-8de8-4aa5-ab05-dceacffd19dd",
            "ip_address": "192.168.86.4"
        }
    ],
    "id": "827189f4-22da-4603-99a5-78877b471099",
    "security_groups": [
        "1ffddca0-b0f1-424c-a410-1ff4acb7475e"
    ],
    "device_id": "ff8e9e7f-3414-49cf-85a8-a211463cc13d",
    "name": "",
    "admin_state_up": true,
    "network_id": "9425b757-339d-4954-a17b-dbb3f7061006",
    "tenant_id": "3e5f135adb37476c9cc2cd47dc579cfc",
    "binding:vif_details": {},
    "binding:vnic_type": "baremetal",
    "binding:vif_type": "unbound",
    "mac_address": "28:a6:db:a9:92:27",
    "project_id": "3e5f135adb37476c9cc2cd47dc579cfc",
    "created_at": "2020-10-04T11:19:46Z"
}) host d8b345fa-fb44-462a-8c3b-a34b59d627e8 (original host d8b345fa-fb44-462a-8c3b-a34b59d627e8) vif type ovs (original vif type unbound) vif details {
    "ovs_hybrid_plug": true,
    "port_filter": true
} (original vif details {}) binding levels [
    {
        "bound_driver": "mlnx_ib_bm",
        "bound_segment": {
            "network_id": "9425b757-339d-4954-a17b-dbb3f7061006",
            "segmentation_id": 15998,
            "physical_network": null,
            "id": "3a0946cc-1f61-4211-8a33-b8e2b0b7a2a0",
            "network_type": "vxlan"
        }
    },
    {
        "bound_driver": "huawei_ac_ml2",
        "bound_segment": {
            "network_id": "9425b757-339d-4954-a17b-dbb3f7061006",
            "segmentation_id": 15998,
            "physical_network": null,
            "id": "3a0946cc-1f61-4211-8a33-b8e2b0b7a2a0",
            "network_type": "vxlan"
        }
    }
] (original binding levels null) on network {
    "provider:physical_network": null,
    "ipv6_address_scope": null,
    "revision_number": 6,
    "port_security_enabled": true,
    "provider:network_type": "vxlan",
    "id": "9425b757-339d-4954-a17b-dbb3f7061006",
    "router:external": false,
    "availability_zone_hints": [],
    "availability_zones": [
        "nova"
    ],
    "ipv4_address_scope": null,
    "shared": false,
    "project_id": "0875c404aadf425f9133c9936cf34590",
    "status": "ACTIVE",
    "subnets": [
        "08816503-8de8-4aa5-ab05-dceacffd19dd"
    ],
    "description": "",
    "tags": [],
    "updated_at": "2020-09-28T14:17:51Z",
    "provider:segmentation_id": 15998,
    "name": "SDNtenant1",
    "admin_state_up": true,
    "tenant_id": "0875c404aadf425f9133c9936cf34590",
    "created_at": "2020-09-24T03:07:55Z",
    "mt": 1450,
    "vlan_transparent": false
} with segments to bind null
Oct 04 19: 20: 06 devstack18 neutron-server[
    25156
]: INFO neutron.tests.unit.plugins.ml2.drivers.mechanism_logger [req-cb29b2c6-fcee-403d-aa2b-2f80f2f0725e req-5ecbeb91-4e41-4acc-bb3f-bd2a0a9dcaea demo admin
] update_port_precommit called with port settings {
    "allowed_address_pairs": [],
    "extra_dhcp_opts": [
        {
            "opt_value": "192.168.69.2",
            "ip_version": 4,
            "opt_name": "150"
        },
        {
            "opt_value": "192.168.69.2",
            "ip_version": 4,
            "opt_name": "66"
        },
        {
            "opt_value": "192.168.69.2",
            "ip_version": 4,
            "opt_name": "server-ip-address"
        },
        {
            "opt_value": "undionly.kpxe",
            "ip_version": 4,
            "opt_name": "tag:!ipxe,67"
        },
        {
            "opt_value": "http://192.168.69.2:3928/boot.ipxe",
            "ip_version": 4,
            "opt_name": "tag:ipxe,67"
        }
    ],
    "updated_at": "2020-10-04T11:20:06Z",
    "device_owner": "compute:nova",
    "revision_number": 6,
    "binding:profile": {
        "local_link_information": [
            {
                "port_id": "25GE1/0/41",
                "switch_id": "48:57:02:dc:cf:51"
            }
        ]
    },
    "port_security_enabled": true,
    "fixed_ips": [
        {
            "subnet_id": "08816503-8de8-4aa5-ab05-dceacffd19dd",
            "ip_address": "192.168.86.4"
        }
    ],
    "id": "827189f4-22da-4603-99a5-78877b471099",
    "security_groups": [
        "1ffddca0-b0f1-424c-a410-1ff4acb7475e"
    ],
    "binding_levels": [
        {
            "physical_network": "",
            "driver": "mlnx_ib_bm",
            "network_type": "vxlan",
            "segmentation_id": 15998,
            "level": 0
        },
        {
            "physical_network": "",
            "driver": "huawei_ac_ml2",
            "network_type": "vxlan",
            "segmentation_id": 15998,
            "level": 1
        }
    ],
    "binding:vif_details": {
        "ovs_hybrid_plug": true,
        "port_filter": true
    },
    "binding:vif_type": "ovs",
    "mac_address": "28:a6:db:a9:92:27",
    "project_id": "3e5f135adb37476c9cc2cd47dc579cfc",
    "status": "ACTIVE",
    "binding:host_id": "d8b345fa-fb44-462a-8c3b-a34b59d627e8",
    "description": "",
    "tags": [],
    "device_id": "ff8e9e7f-3414-49cf-85a8-a211463cc13d",
    "name": "",
    "admin_state_up": true,
    "network_id": "9425b757-339d-4954-a17b-dbb3f7061006",
    "tenant_id": "3e5f135adb37476c9cc2cd47dc579cfc",
    "created_at": "2020-10-04T11:19:46Z",
    "binding:vnic_type": "baremetal"
} (original settings {
    "status": "ACTIVE",
    "binding:host_id": "d8b345fa-fb44-462a-8c3b-a34b59d627e8",
    "description": "",
    "allowed_address_pairs": [],
    "tags": [],
    "extra_dhcp_opts": [],
    "updated_at": "2020-10-04T11:20:02Z",
    "device_owner": "compute:nova",
    "binding_levels": [
        {
            "physical_network": "",
            "driver": "mlnx_ib_bm",
            "network_type": "vxlan",
            "segmentation_id": 15998,
            "level": 0
        },
        {
            "physical_network": "",
            "driver": "huawei_ac_ml2",
            "network_type": "vxlan",
            "segmentation_id": 15998,
            "level": 1
        }
    ],
    "revision_number": 5,
    "port_security_enabled": true,
    "binding:profile": {
        "local_link_information": [
            {
                "port_id": "25GE1/0/41",
                "switch_id": "48:57:02:dc:cf:51"
            }
        ]
    },
    "fixed_ips": [
        {
            "subnet_id": "08816503-8de8-4aa5-ab05-dceacffd19dd",
            "ip_address": "192.168.86.4"
        }
    ],
    "id": "827189f4-22da-4603-99a5-78877b471099",
    "security_groups": [
        "1ffddca0-b0f1-424c-a410-1ff4acb7475e"
    ],
    "device_id": "ff8e9e7f-3414-49cf-85a8-a211463cc13d",
    "name": "",
    "admin_state_up": true,
    "network_id": "9425b757-339d-4954-a17b-dbb3f7061006",
    "tenant_id": "3e5f135adb37476c9cc2cd47dc579cfc",
    "binding:vif_details": {
        "ovs_hybrid_plug": true,
        "port_filter": true
    },
    "binding:vnic_type": "baremetal",
    "binding:vif_type": "ovs",
    "mac_address": "28:a6:db:a9:92:27",
    "project_id": "3e5f135adb37476c9cc2cd47dc579cfc",
    "created_at": "2020-10-04T11:19:46Z"
}) host d8b345fa-fb44-462a-8c3b-a34b59d627e8 (original host d8b345fa-fb44-462a-8c3b-a34b59d627e8) vif type ovs (original vif type ovs) vif details {
    "ovs_hybrid_plug": true,
    "port_filter": true
} (original vif details {
    "ovs_hybrid_plug": true,
    "port_filter": true
}) binding levels [
    {
        "bound_driver": "mlnx_ib_bm",
        "bound_segment": {
            "network_id": "9425b757-339d-4954-a17b-dbb3f7061006",
            "segmentation_id": 15998,
            "physical_network": null,
            "id": "3a0946cc-1f61-4211-8a33-b8e2b0b7a2a0",
            "network_type": "vxlan"
        }
    },
    {
        "bound_driver": "huawei_ac_ml2",
        "bound_segment": {
            "network_id": "9425b757-339d-4954-a17b-dbb3f7061006",
            "segmentation_id": 15998,
            "physical_network": null,
            "id": "3a0946cc-1f61-4211-8a33-b8e2b0b7a2a0",
            "network_type": "vxlan"
        }
    }
] (original binding levels [
    {
        "bound_driver": "mlnx_ib_bm",
        "bound_segment": {
            "network_id": "9425b757-339d-4954-a17b-dbb3f7061006",
            "segmentation_id": 15998,
            "physical_network": null,
            "id": "3a0946cc-1f61-4211-8a33-b8e2b0b7a2a0",
            "network_type": "vxlan"
        }
    },
    {
        "bound_driver": "huawei_ac_ml2",
        "bound_segment": {
            "network_id": "9425b757-339d-4954-a17b-dbb3f7061006",
            "segmentation_id": 15998,
            "physical_network": null,
            "id": "3a0946cc-1f61-4211-8a33-b8e2b0b7a2a0",
            "network_type": "vxlan"
        }
    }
]) on network {
    "provider:physical_network": null,
    "ipv6_address_scope": null,
    "revision_number": 6,
    "port_security_enabled": true,
    "provider:network_type": "vxlan",
    "id": "9425b757-339d-4954-a17b-dbb3f7061006",
    "router:external": false,
    "availability_zone_hints": [],
    "availability_zones": [
        "nova"
    ],
    "ipv4_address_scope": null,
    "shared": false,
    "project_id": "0875c404aadf425f9133c9936cf34590",
    "status": "ACTIVE",
    "subnets": [
        "08816503-8de8-4aa5-ab05-dceacffd19dd"
    ],
    "description": "",
    "tags": [],
    "updated_at": "2020-09-28T14:17:51Z",
    "provider:segmentation_id": 15998,
    "name": "SDNtenant1",
    "admin_state_up": true,
    "tenant_id": "0875c404aadf425f9133c9936cf34590",
    "created_at": "2020-09-24T03:07:55Z",
    "mt": 1450,
    "vlan_transparent": false
} with segments to bind null
Oct 04 19: 20: 07 devstack18 neutron-server[
    25156
]: INFO neutron.tests.unit.plugins.ml2.drivers.mechanism_logger [req-cb29b2c6-fcee-403d-aa2b-2f80f2f0725e req-5ecbeb91-4e41-4acc-bb3f-bd2a0a9dcaea demo admin
] update_port_postcommit called with port settings {
    "allowed_address_pairs": [],
    "extra_dhcp_opts": [
        {
            "opt_value": "192.168.69.2",
            "ip_version": 4,
            "opt_name": "150"
        },
        {
            "opt_value": "192.168.69.2",
            "ip_version": 4,
            "opt_name": "66"
        },
        {
            "opt_value": "192.168.69.2",
            "ip_version": 4,
            "opt_name": "server-ip-address"
        },
        {
            "opt_value": "undionly.kpxe",
            "ip_version": 4,
            "opt_name": "tag:!ipxe,67"
        },
        {
            "opt_value": "http://192.168.69.2:3928/boot.ipxe",
            "ip_version": 4,
            "opt_name": "tag:ipxe,67"
        }
    ],
    "updated_at": "2020-10-04T11:20:06",
    "device_owner": "compute:nova",
    "revision_number": 6,
    "binding:profile": {
        "enable_internet": false,
        "local_link_information": [
            {
                "port_id": "25GE1/0/41",
                "switch_id": "48:57:02:dc:cf:51"
            }
        ]
    },
    "port_security_enabled": true,
    "fixed_ips": [
        {
            "subnet_id": "08816503-8de8-4aa5-ab05-dceacffd19dd",
            "ip_address": "192.168.86.4"
        }
    ],
    "id": "827189f4-22da-4603-99a5-78877b471099",
    "security_groups": [
        "1ffddca0-b0f1-424c-a410-1ff4acb7475e"
    ],
    "binding_levels": [
        {
            "physical_network": "",
            "driver": "mlnx_ib_bm",
            "network_type": "vxlan",
            "segmentation_id": 15998,
            "level": 0
        },
        {
            "physical_network": "",
            "driver": "huawei_ac_ml2",
            "network_type": "vxlan",
            "segmentation_id": 15998,
            "level": 1
        }
    ],
    "binding:vif_details": {
        "ovs_hybrid_plug": true,
        "port_filter": true
    },
    "binding:vif_type": "ovs",
    "mac_address": "28:a6:db:a9:92:27",
    "project_id": "3e5f135adb37476c9cc2cd47dc579cfc",
    "status": "ACTIVE",
    "binding:host_id": "d8b345fa-fb44-462a-8c3b-a34b59d627e8",
    "description": "",
    "tags": [],
    "device_id": "ff8e9e7f-3414-49cf-85a8-a211463cc13d",
    "name": "",
    "admin_state_up": true,
    "network_id": "9425b757-339d-4954-a17b-dbb3f7061006",
    "tenant_id": "3e5f135adb37476c9cc2cd47dc579cfc",
    "created_at": "2020-10-04T11:19:46Z",
    "binding:vnic_type": "baremetal"
} (original settings {
    "status": "ACTIVE",
    "binding:host_id": "d8b345fa-fb44-462a-8c3b-a34b59d627e8",
    "description": "",
    "allowed_address_pairs": [],
    "tags": [],
    "extra_dhcp_opts": [],
    "updated_at": "2020-10-04T11:20:02Z",
    "device_owner": "compute:nova",
    "binding_levels": [
        {
            "physical_network": "",
            "driver": "mlnx_ib_bm",
            "network_type": "vxlan",
            "segmentation_id": 15998,
            "level": 0
        },
        {
            "physical_network": "",
            "driver": "huawei_ac_ml2",
            "network_type": "vxlan",
            "segmentation_id": 15998,
            "level": 1
        }
    ],
    "revision_number": 5,
    "port_security_enabled": true,
    "binding:profile": {
        "local_link_information": [
            {
                "port_id": "25GE1/0/41",
                "switch_id": "48:57:02:dc:cf:51"
            }
        ]
    },
    "fixed_ips": [
        {
            "subnet_id": "08816503-8de8-4aa5-ab05-dceacffd19dd",
            "ip_address": "192.168.86.4"
        }
    ],
    "id": "827189f4-22da-4603-99a5-78877b471099",
    "security_groups": [
        "1ffddca0-b0f1-424c-a410-1ff4acb7475e"
    ],
    "device_id": "ff8e9e7f-3414-49cf-85a8-a211463cc13d",
    "name": "",
    "admin_state_up": true,
    "network_id": "9425b757-339d-4954-a17b-dbb3f7061006",
    "tenant_id": "3e5f135adb37476c9cc2cd47dc579cfc",
    "binding:vif_details": {
        "ovs_hybrid_plug": true,
        "port_filter": true
    },
    "binding:vnic_type": "baremetal",
    "binding:vif_type": "ovs",
    "mac_address": "28:a6:db:a9:92:27",
    "project_id": "3e5f135adb37476c9cc2cd47dc579cfc",
    "created_at": "2020-10-04T11:19:46Z"
}) host d8b345fa-fb44-462a-8c3b-a34b59d627e8 (original host d8b345fa-fb44-462a-8c3b-a34b59d627e8) vif type ovs (original vif type ovs) vif details {
    "ovs_hybrid_plug": true,
    "port_filter": true
} (original vif details {
    "ovs_hybrid_plug": true,
    "port_filter": true
}) binding levels [
    {
        "bound_driver": "mlnx_ib_bm",
        "bound_segment": {
            "network_id": "9425b757-339d-4954-a17b-dbb3f7061006",
            "segmentation_id": 15998,
            "physical_network": null,
            "id": "3a0946cc-1f61-4211-8a33-b8e2b0b7a2a0",
            "network_type": "vxlan"
        }
    },
    {
        "bound_driver": "huawei_ac_ml2",
        "bound_segment": {
            "network_id": "9425b757-339d-4954-a17b-dbb3f7061006",
            "segmentation_id": 15998,
            "physical_network": null,
            "id": "3a0946cc-1f61-4211-8a33-b8e2b0b7a2a0",
            "network_type": "vxlan"
        }
    }
] (original binding levels [
    {
        "bound_driver": "mlnx_ib_bm",
        "bound_segment": {
            "network_id": "9425b757-339d-4954-a17b-dbb3f7061006",
            "segmentation_id": 15998,
            "physical_network": null,
            "id": "3a0946cc-1f61-4211-8a33-b8e2b0b7a2a0",
            "network_type": "vxlan"
        }
    },
    {
        "bound_driver": "huawei_ac_ml2",
        "bound_segment": {
            "network_id": "9425b757-339d-4954-a17b-dbb3f7061006",
            "segmentation_id": 15998,
            "physical_network": null,
            "id": "3a0946cc-1f61-4211-8a33-b8e2b0b7a2a0",
            "network_type": "vxlan"
        }
    }
]) on network {
    "provider:physical_network": null,
    "ipv6_address_scope": null,
    "revision_number": 6,
    "port_security_enabled": true,
    "provider:network_type": "vxlan",
    "id": "9425b757-339d-4954-a17b-dbb3f7061006",
    "router:external": false,
    "availability_zone_hints": [],
    "availability_zones": [
        "nova"
    ],
    "ipv4_address_scope": null,
    "shared": false,
    "project_id": "0875c404aadf425f9133c9936cf34590",
    "status": "ACTIVE",
    "subnets": [
        "08816503-8de8-4aa5-ab05-dceacffd19dd"
    ],
    "description": "",
    "tags": [],
    "updated_at": "2020-09-28T14:17:51Z",
    "provider:segmentation_id": 15998,
    "name": "SDNtenant1",
    "admin_state_up": true,
    "tenant_id": "0875c404aadf425f9133c9936cf34590",
    "created_at": "2020-09-24T03:07:55Z",
    "mt": 1450,
    "vlan_transparent": false
} with segments to bind null